<?xml version="1.0" encoding="UTF-8"?>
<!-- Generated by org.testng.reporters.JUnitReportReporter -->
<testsuite hostname="LAPTOP-A0CDLO83" name="TestNg_test.test_04" tests="2" failures="0" timestamp="1 Dec 2018 08:16:24 GMT" time="3.877" errors="0">
  <testcase name="a" time="0.126" classname="TestNg_test.test_04"/>
  <testcase name="f" time="3.751" classname="TestNg_test.test_04"/>
</testsuite> <!-- TestNg_test.test_04 -->
