<?xml version="1.0" encoding="UTF-8"?>
<!-- Generated by org.testng.reporters.JUnitReportReporter -->
<testsuite hostname="LAPTOP-A0CDLO83" name="TestNg_test.Test_two" tests="1" failures="0" timestamp="29 Nov 2018 14:45:08 GMT" time="0.022" errors="0">
  <testcase name="open" time="0.022" classname="TestNg_test.Test_two"/>
</testsuite> <!-- TestNg_test.Test_two -->
