<?xml version="1.0" encoding="UTF-8"?>
<!-- Generated by org.testng.reporters.JUnitReportReporter -->
<testsuite skipped="0" hostname="LAPTOP-A0CDLO83" name="TestNg_test.test_3" tests="1" failures="0" timestamp="07 一月 2019 12:28:12 GMT" time="2.411" errors="0">
  <testcase name="openBaidu" time="2.411" classname="TestNg_test.test_3"/>
</testsuite> <!-- TestNg_test.test_3 -->
