<?xml version="1.0" encoding="UTF-8"?>
<!-- Generated by org.testng.reporters.JUnitReportReporter -->
<testsuite skipped="0" hostname="LAPTOP-A0CDLO83" name="TestNg_test.TestNg_one" tests="1" failures="0" timestamp="07 一月 2019 12:27:21 GMT" time="1.658" errors="0">
  <testcase name="openBaidu" time="1.658" classname="TestNg_test.TestNg_one"/>
</testsuite> <!-- TestNg_test.TestNg_one -->
